<?xml version="1.0" encoding="UTF-8"?>
<!-- Generated by org.testng.reporters.JUnitReportReporter -->
<testsuite hostname="EC2AMAZ-8KL45D2" failures="0" tests="1" name="pk_HotelBooking.Booking_GetBooking" time="2.767" errors="0" timestamp="2024-10-04T05:48:16 UTC" skipped="0">
  <testcase classname="pk_HotelBooking.Booking_GetBooking" name="GetBookingIds" time="2.767"/>
  <system-out/>
</testsuite> <!-- pk_HotelBooking.Booking_GetBooking -->
