<?xml version="1.0" encoding="UTF-8"?>
<!-- Generated by org.testng.reporters.JUnitReportReporter -->
<testsuite hostname="EC2AMAZ-8KL45D2" failures="0" tests="1" name="pk_HotelBooking.Auth_CreateToken" time="2.638" errors="0" timestamp="2024-10-04T05:59:19 UTC" skipped="0">
  <testcase classname="pk_HotelBooking.Auth_CreateToken" name="createToken" time="2.638"/>
  <system-out/>
</testsuite> <!-- pk_HotelBooking.Auth_CreateToken -->
