<?xml version="1.0" encoding="UTF-8"?>
<!-- Generated by org.testng.reporters.JUnitReportReporter -->
<testsuite hostname="EC2AMAZ-8KL45D2" failures="0" tests="2" name="pk_HotelBooking.PartialUpdate_Using_BaseClass" time="0.288" errors="0" timestamp="2024-10-04T10:55:45 UTC" skipped="0">
  <testcase classname="pk_HotelBooking.PartialUpdate_Using_BaseClass" name="createBooking" time="0.154"/>
  <system-out/>
  <testcase classname="pk_HotelBooking.PartialUpdate_Using_BaseClass" name="partial_UpdateBooking" time="0.134"/>
  <system-out/>
</testsuite> <!-- pk_HotelBooking.PartialUpdate_Using_BaseClass -->
