<?xml version="1.0" encoding="UTF-8"?>
<!-- Generated by org.testng.reporters.JUnitReportReporter -->
<testsuite hostname="EC2AMAZ-8KL45D2" failures="0" tests="1" name="pk_HotelBooking.CreateBooking_Using_File" time="2.629" errors="0" timestamp="2024-10-04T06:13:46 UTC" skipped="0">
  <testcase classname="pk_HotelBooking.CreateBooking_Using_File" name="createBooking" time="2.629"/>
  <system-out/>
</testsuite> <!-- pk_HotelBooking.CreateBooking_Using_File -->
