<?xml version="1.0" encoding="UTF-8"?>
<!-- Generated by org.testng.reporters.JUnitReportReporter -->
<testsuite hostname="EC2AMAZ-8KL45D2" failures="0" tests="1" name="pk_MyNotes.Login_As_Existing_User" time="3.120" errors="0" timestamp="2024-10-07T04:47:20 UTC" skipped="0">
  <testcase classname="pk_MyNotes.Login_As_Existing_User" name="Login_Using_BaseClass" time="3.120"/>
  <system-out/>
</testsuite> <!-- pk_MyNotes.Login_As_Existing_User -->
