<?xml version="1.0" encoding="UTF-8"?>
<!-- Generated by org.testng.reporters.JUnitReportReporter -->
<testsuite hostname="EC2AMAZ-8KL45D2" failures="0" tests="3" name="pk_MyNotes.Create_Notes" time="0.671" errors="0" timestamp="2024-10-07T08:56:39 UTC" skipped="0">
  <testcase classname="pk_MyNotes.Create_Notes" name="CreateNotes_Using_BaseClass" time="0.264"/>
  <system-out/>
  <testcase classname="pk_MyNotes.Create_Notes" name="UpdateNotes" time="0.208"/>
  <system-out/>
  <testcase classname="pk_MyNotes.Create_Notes" name="DeleteNote" time="0.199"/>
  <system-out/>
</testsuite> <!-- pk_MyNotes.Create_Notes -->
